<?xml version="1.0" encoding="UTF-8"?>
<testng-results ignored="0" total="1" passed="1" failed="0" skipped="0">
  <reporter-output>
  </reporter-output>
  <suite started-at="2023-05-18T12:57:24 IST" name="Suite" finished-at="2023-05-18T12:57:31 IST" duration-ms="6473">
    <groups>
    </groups>
    <test started-at="2023-05-18T12:57:24 IST" name="Test2" finished-at="2023-05-18T12:57:31 IST" duration-ms="6473">
      <class name="jenkins.UITest">
        <test-method signature="startBrowser()[pri:0, instance:jenkins.UITest@424e1977]" started-at="2023-05-18T12:57:24 IST" name="startBrowser" finished-at="2023-05-18T12:57:31 IST" duration-ms="6451" status="PASS">
          <reporter-output>
          </reporter-output>
        </test-method> <!-- startBrowser -->
      </class> <!-- jenkins.UITest -->
    </test> <!-- Test2 -->
  </suite> <!-- Suite -->
</testng-results>
